ERROR - 2023-01-30 13:27:22 --> mysqli_sql_exception: Column 'username' cannot be null in E:\XAMPP\htdocs\framework-master\system\Database\MySQLi\Connection.php:295
Stack trace:
#0 E:\XAMPP\htdocs\framework-master\system\Database\MySQLi\Connection.php(295): mysqli->query('INSERT INTO `us...', 0)
#1 E:\XAMPP\htdocs\framework-master\system\Database\BaseConnection.php(691): CodeIgniter\Database\MySQLi\Connection->execute('INSERT INTO `us...')
#2 E:\XAMPP\htdocs\framework-master\system\Database\BaseConnection.php(605): CodeIgniter\Database\BaseConnection->simpleQuery('INSERT INTO `us...')
#3 E:\XAMPP\htdocs\framework-master\system\Database\BaseBuilder.php(2295): CodeIgniter\Database\BaseConnection->query('INSERT INTO `us...', Array, false)
#4 E:\XAMPP\htdocs\framework-master\app\Models\CrudModel.php(114): CodeIgniter\Database\BaseBuilder->insert(Array)
#5 E:\XAMPP\htdocs\framework-master\app\Models\CSRF.php(12): App\Models\CrudModel->add('user_list', Array)
#6 E:\XAMPP\htdocs\framework-master\app\Controllers\Home.php(25): App\Models\CSRF->InsertData(Array, 'user_list')
#7 E:\XAMPP\htdocs\framework-master\system\CodeIgniter.php(934): App\Controllers\Home->SubmitData()
#8 E:\XAMPP\htdocs\framework-master\system\CodeIgniter.php(499): CodeIgniter\CodeIgniter->runController(Object(App\Controllers\Home))
#9 E:\XAMPP\htdocs\framework-master\system\CodeIgniter.php(368): CodeIgniter\CodeIgniter->handleRequest(NULL, Object(Config\Cache), false)
#10 E:\XAMPP\htdocs\framework-master\public\index.php(67): CodeIgniter\CodeIgniter->run()
#11 E:\XAMPP\htdocs\framework-master\system\Commands\Server\rewrite.php(47): require_once('E:\\XAMPP\\htdocs...')
#12 {main}
CRITICAL - 2023-01-30 13:27:22 --> Column 'username' cannot be null
in SYSTEMPATH\Database\BaseConnection.php on line 645.
 1 SYSTEMPATH\Database\BaseBuilder.php(2295): CodeIgniter\Database\BaseConnection->query('INSERT INTO `user_list` (`UID`, `username`, `password`) VALUES (:UID:, :username:, :password:)', [...], false)
 2 APPPATH\Models\CrudModel.php(114): CodeIgniter\Database\BaseBuilder->insert([...])
 3 APPPATH\Models\CSRF.php(12): App\Models\CrudModel->add('user_list', [...])
 4 APPPATH\Controllers\Home.php(25): App\Models\CSRF->InsertData([...], 'user_list')
 5 SYSTEMPATH\CodeIgniter.php(934): App\Controllers\Home->SubmitData()
 6 SYSTEMPATH\CodeIgniter.php(499): CodeIgniter\CodeIgniter->runController(Object(App\Controllers\Home))
 7 SYSTEMPATH\CodeIgniter.php(368): CodeIgniter\CodeIgniter->handleRequest(null, Object(Config\Cache), false)
 8 FCPATH\index.php(67): CodeIgniter\CodeIgniter->run()
 9 SYSTEMPATH\Commands\Server\rewrite.php(47): require_once('FCPATH\\index.php')
ERROR - 2023-01-30 13:27:27 --> mysqli_sql_exception: Column 'username' cannot be null in E:\XAMPP\htdocs\framework-master\system\Database\MySQLi\Connection.php:295
Stack trace:
#0 E:\XAMPP\htdocs\framework-master\system\Database\MySQLi\Connection.php(295): mysqli->query('INSERT INTO `us...', 0)
#1 E:\XAMPP\htdocs\framework-master\system\Database\BaseConnection.php(691): CodeIgniter\Database\MySQLi\Connection->execute('INSERT INTO `us...')
#2 E:\XAMPP\htdocs\framework-master\system\Database\BaseConnection.php(605): CodeIgniter\Database\BaseConnection->simpleQuery('INSERT INTO `us...')
#3 E:\XAMPP\htdocs\framework-master\system\Database\BaseBuilder.php(2295): CodeIgniter\Database\BaseConnection->query('INSERT INTO `us...', Array, false)
#4 E:\XAMPP\htdocs\framework-master\app\Models\CrudModel.php(114): CodeIgniter\Database\BaseBuilder->insert(Array)
#5 E:\XAMPP\htdocs\framework-master\app\Models\CSRF.php(12): App\Models\CrudModel->add('user_list', Array)
#6 E:\XAMPP\htdocs\framework-master\app\Controllers\Home.php(25): App\Models\CSRF->InsertData(Array, 'user_list')
#7 E:\XAMPP\htdocs\framework-master\system\CodeIgniter.php(934): App\Controllers\Home->SubmitData()
#8 E:\XAMPP\htdocs\framework-master\system\CodeIgniter.php(499): CodeIgniter\CodeIgniter->runController(Object(App\Controllers\Home))
#9 E:\XAMPP\htdocs\framework-master\system\CodeIgniter.php(368): CodeIgniter\CodeIgniter->handleRequest(NULL, Object(Config\Cache), false)
#10 E:\XAMPP\htdocs\framework-master\public\index.php(67): CodeIgniter\CodeIgniter->run()
#11 E:\XAMPP\htdocs\framework-master\system\Commands\Server\rewrite.php(47): require_once('E:\\XAMPP\\htdocs...')
#12 {main}
CRITICAL - 2023-01-30 13:27:27 --> Column 'username' cannot be null
in SYSTEMPATH\Database\BaseConnection.php on line 645.
 1 SYSTEMPATH\Database\BaseBuilder.php(2295): CodeIgniter\Database\BaseConnection->query('INSERT INTO `user_list` (`UID`, `username`, `password`) VALUES (:UID:, :username:, :password:)', [...], false)
 2 APPPATH\Models\CrudModel.php(114): CodeIgniter\Database\BaseBuilder->insert([...])
 3 APPPATH\Models\CSRF.php(12): App\Models\CrudModel->add('user_list', [...])
 4 APPPATH\Controllers\Home.php(25): App\Models\CSRF->InsertData([...], 'user_list')
 5 SYSTEMPATH\CodeIgniter.php(934): App\Controllers\Home->SubmitData()
 6 SYSTEMPATH\CodeIgniter.php(499): CodeIgniter\CodeIgniter->runController(Object(App\Controllers\Home))
 7 SYSTEMPATH\CodeIgniter.php(368): CodeIgniter\CodeIgniter->handleRequest(null, Object(Config\Cache), false)
 8 FCPATH\index.php(67): CodeIgniter\CodeIgniter->run()
 9 SYSTEMPATH\Commands\Server\rewrite.php(47): require_once('FCPATH\\index.php')
ERROR - 2023-01-30 13:28:44 --> mysqli_sql_exception: Column 'username' cannot be null in E:\XAMPP\htdocs\framework-master\system\Database\MySQLi\Connection.php:295
Stack trace:
#0 E:\XAMPP\htdocs\framework-master\system\Database\MySQLi\Connection.php(295): mysqli->query('INSERT INTO `us...', 0)
#1 E:\XAMPP\htdocs\framework-master\system\Database\BaseConnection.php(691): CodeIgniter\Database\MySQLi\Connection->execute('INSERT INTO `us...')
#2 E:\XAMPP\htdocs\framework-master\system\Database\BaseConnection.php(605): CodeIgniter\Database\BaseConnection->simpleQuery('INSERT INTO `us...')
#3 E:\XAMPP\htdocs\framework-master\system\Database\BaseBuilder.php(2295): CodeIgniter\Database\BaseConnection->query('INSERT INTO `us...', Array, false)
#4 E:\XAMPP\htdocs\framework-master\app\Models\CrudModel.php(114): CodeIgniter\Database\BaseBuilder->insert(Array)
#5 E:\XAMPP\htdocs\framework-master\app\Models\CSRF.php(12): App\Models\CrudModel->add('user_list', Array)
#6 E:\XAMPP\htdocs\framework-master\app\Controllers\Home.php(25): App\Models\CSRF->InsertData(Array, 'user_list')
#7 E:\XAMPP\htdocs\framework-master\system\CodeIgniter.php(934): App\Controllers\Home->SubmitData()
#8 E:\XAMPP\htdocs\framework-master\system\CodeIgniter.php(499): CodeIgniter\CodeIgniter->runController(Object(App\Controllers\Home))
#9 E:\XAMPP\htdocs\framework-master\system\CodeIgniter.php(368): CodeIgniter\CodeIgniter->handleRequest(NULL, Object(Config\Cache), false)
#10 E:\XAMPP\htdocs\framework-master\public\index.php(67): CodeIgniter\CodeIgniter->run()
#11 E:\XAMPP\htdocs\framework-master\system\Commands\Server\rewrite.php(47): require_once('E:\\XAMPP\\htdocs...')
#12 {main}
CRITICAL - 2023-01-30 13:28:44 --> Column 'username' cannot be null
in SYSTEMPATH\Database\BaseConnection.php on line 645.
 1 SYSTEMPATH\Database\BaseBuilder.php(2295): CodeIgniter\Database\BaseConnection->query('INSERT INTO `user_list` (`UID`, `username`, `password`) VALUES (:UID:, :username:, :password:)', [...], false)
 2 APPPATH\Models\CrudModel.php(114): CodeIgniter\Database\BaseBuilder->insert([...])
 3 APPPATH\Models\CSRF.php(12): App\Models\CrudModel->add('user_list', [...])
 4 APPPATH\Controllers\Home.php(25): App\Models\CSRF->InsertData([...], 'user_list')
 5 SYSTEMPATH\CodeIgniter.php(934): App\Controllers\Home->SubmitData()
 6 SYSTEMPATH\CodeIgniter.php(499): CodeIgniter\CodeIgniter->runController(Object(App\Controllers\Home))
 7 SYSTEMPATH\CodeIgniter.php(368): CodeIgniter\CodeIgniter->handleRequest(null, Object(Config\Cache), false)
 8 FCPATH\index.php(67): CodeIgniter\CodeIgniter->run()
 9 SYSTEMPATH\Commands\Server\rewrite.php(47): require_once('FCPATH\\index.php')
WARNING - 2023-01-30 13:30:23 --> [DEPRECATED] Creation of dynamic property App\Models\CSRF::$crud is deprecated in APPPATH\Models\CSRF.php on line 8.
 1 APPPATH\Controllers\Home.php(9): App\Models\CSRF->__construct()
 2 SYSTEMPATH\CodeIgniter.php(906): App\Controllers\Home->__construct()
 3 SYSTEMPATH\CodeIgniter.php(490): CodeIgniter\CodeIgniter->createController()
 4 SYSTEMPATH\CodeIgniter.php(368): CodeIgniter\CodeIgniter->handleRequest(null, Object(Config\Cache), false)
 5 FCPATH\index.php(67): CodeIgniter\CodeIgniter->run()
 6 SYSTEMPATH\Commands\Server\rewrite.php(47): require_once('FCPATH\\index.php')
WARNING - 2023-01-30 13:30:23 --> [DEPRECATED] Creation of dynamic property App\Controllers\Home::$model is deprecated in APPPATH\Controllers\Home.php on line 9.
 1 SYSTEMPATH\CodeIgniter.php(906): App\Controllers\Home->__construct()
 2 SYSTEMPATH\CodeIgniter.php(490): CodeIgniter\CodeIgniter->createController()
 3 SYSTEMPATH\CodeIgniter.php(368): CodeIgniter\CodeIgniter->handleRequest(null, Object(Config\Cache), false)
 4 FCPATH\index.php(67): CodeIgniter\CodeIgniter->run()
 5 SYSTEMPATH\Commands\Server\rewrite.php(47): require_once('FCPATH\\index.php')
WARNING - 2023-01-30 13:34:05 --> [DEPRECATED] Creation of dynamic property App\Models\CSRF::$crud is deprecated in APPPATH\Models\CSRF.php on line 8.
 1 APPPATH\Controllers\Home.php(9): App\Models\CSRF->__construct()
 2 SYSTEMPATH\CodeIgniter.php(906): App\Controllers\Home->__construct()
 3 SYSTEMPATH\CodeIgniter.php(490): CodeIgniter\CodeIgniter->createController()
 4 SYSTEMPATH\CodeIgniter.php(368): CodeIgniter\CodeIgniter->handleRequest(null, Object(Config\Cache), false)
 5 FCPATH\index.php(67): CodeIgniter\CodeIgniter->run()
 6 SYSTEMPATH\Commands\Server\rewrite.php(47): require_once('FCPATH\\index.php')
WARNING - 2023-01-30 13:34:05 --> [DEPRECATED] Creation of dynamic property App\Controllers\Home::$model is deprecated in APPPATH\Controllers\Home.php on line 9.
 1 SYSTEMPATH\CodeIgniter.php(906): App\Controllers\Home->__construct()
 2 SYSTEMPATH\CodeIgniter.php(490): CodeIgniter\CodeIgniter->createController()
 3 SYSTEMPATH\CodeIgniter.php(368): CodeIgniter\CodeIgniter->handleRequest(null, Object(Config\Cache), false)
 4 FCPATH\index.php(67): CodeIgniter\CodeIgniter->run()
 5 SYSTEMPATH\Commands\Server\rewrite.php(47): require_once('FCPATH\\index.php')
WARNING - 2023-01-30 13:34:05 --> [DEPRECATED] Creation of dynamic property App\Models\CrudModel::$condb is deprecated in APPPATH\Models\CrudModel.php on line 112.
 1 APPPATH\Models\CSRF.php(12): App\Models\CrudModel->add('user_list', [...])
 2 APPPATH\Controllers\Home.php(25): App\Models\CSRF->InsertData([...], 'user_list')
 3 SYSTEMPATH\CodeIgniter.php(934): App\Controllers\Home->SubmitData()
 4 SYSTEMPATH\CodeIgniter.php(499): CodeIgniter\CodeIgniter->runController(Object(App\Controllers\Home))
 5 SYSTEMPATH\CodeIgniter.php(368): CodeIgniter\CodeIgniter->handleRequest(null, Object(Config\Cache), false)
 6 FCPATH\index.php(67): CodeIgniter\CodeIgniter->run()
 7 SYSTEMPATH\Commands\Server\rewrite.php(47): require_once('FCPATH\\index.php')
ERROR - 2023-01-30 13:34:05 --> mysqli_sql_exception: Column 'username' cannot be null in E:\XAMPP\htdocs\framework-master\system\Database\MySQLi\Connection.php:295
Stack trace:
#0 E:\XAMPP\htdocs\framework-master\system\Database\MySQLi\Connection.php(295): mysqli->query('INSERT INTO `us...', 0)
#1 E:\XAMPP\htdocs\framework-master\system\Database\BaseConnection.php(691): CodeIgniter\Database\MySQLi\Connection->execute('INSERT INTO `us...')
#2 E:\XAMPP\htdocs\framework-master\system\Database\BaseConnection.php(605): CodeIgniter\Database\BaseConnection->simpleQuery('INSERT INTO `us...')
#3 E:\XAMPP\htdocs\framework-master\system\Database\BaseBuilder.php(2295): CodeIgniter\Database\BaseConnection->query('INSERT INTO `us...', Array, false)
#4 E:\XAMPP\htdocs\framework-master\app\Models\CrudModel.php(114): CodeIgniter\Database\BaseBuilder->insert(Array)
#5 E:\XAMPP\htdocs\framework-master\app\Models\CSRF.php(12): App\Models\CrudModel->add('user_list', Array)
#6 E:\XAMPP\htdocs\framework-master\app\Controllers\Home.php(25): App\Models\CSRF->InsertData(Array, 'user_list')
#7 E:\XAMPP\htdocs\framework-master\system\CodeIgniter.php(934): App\Controllers\Home->SubmitData()
#8 E:\XAMPP\htdocs\framework-master\system\CodeIgniter.php(499): CodeIgniter\CodeIgniter->runController(Object(App\Controllers\Home))
#9 E:\XAMPP\htdocs\framework-master\system\CodeIgniter.php(368): CodeIgniter\CodeIgniter->handleRequest(NULL, Object(Config\Cache), false)
#10 E:\XAMPP\htdocs\framework-master\public\index.php(67): CodeIgniter\CodeIgniter->run()
#11 E:\XAMPP\htdocs\framework-master\system\Commands\Server\rewrite.php(47): require_once('E:\\XAMPP\\htdocs...')
#12 {main}
CRITICAL - 2023-01-30 13:34:05 --> Column 'username' cannot be null
in SYSTEMPATH\Database\BaseConnection.php on line 645.
 1 SYSTEMPATH\Database\BaseBuilder.php(2295): CodeIgniter\Database\BaseConnection->query('INSERT INTO `user_list` (`UID`, `username`, `password`) VALUES (:UID:, :username:, :password:)', [...], false)
 2 APPPATH\Models\CrudModel.php(114): CodeIgniter\Database\BaseBuilder->insert([...])
 3 APPPATH\Models\CSRF.php(12): App\Models\CrudModel->add('user_list', [...])
 4 APPPATH\Controllers\Home.php(25): App\Models\CSRF->InsertData([...], 'user_list')
 5 SYSTEMPATH\CodeIgniter.php(934): App\Controllers\Home->SubmitData()
 6 SYSTEMPATH\CodeIgniter.php(499): CodeIgniter\CodeIgniter->runController(Object(App\Controllers\Home))
 7 SYSTEMPATH\CodeIgniter.php(368): CodeIgniter\CodeIgniter->handleRequest(null, Object(Config\Cache), false)
 8 FCPATH\index.php(67): CodeIgniter\CodeIgniter->run()
 9 SYSTEMPATH\Commands\Server\rewrite.php(47): require_once('FCPATH\\index.php')
WARNING - 2023-01-30 13:34:54 --> [DEPRECATED] Creation of dynamic property App\Models\CSRF::$crud is deprecated in APPPATH\Models\CSRF.php on line 8.
 1 APPPATH\Controllers\Home.php(9): App\Models\CSRF->__construct()
 2 SYSTEMPATH\CodeIgniter.php(906): App\Controllers\Home->__construct()
 3 SYSTEMPATH\CodeIgniter.php(490): CodeIgniter\CodeIgniter->createController()
 4 SYSTEMPATH\CodeIgniter.php(368): CodeIgniter\CodeIgniter->handleRequest(null, Object(Config\Cache), false)
 5 FCPATH\index.php(67): CodeIgniter\CodeIgniter->run()
 6 SYSTEMPATH\Commands\Server\rewrite.php(47): require_once('FCPATH\\index.php')
WARNING - 2023-01-30 13:34:54 --> [DEPRECATED] Creation of dynamic property App\Controllers\Home::$model is deprecated in APPPATH\Controllers\Home.php on line 9.
 1 SYSTEMPATH\CodeIgniter.php(906): App\Controllers\Home->__construct()
 2 SYSTEMPATH\CodeIgniter.php(490): CodeIgniter\CodeIgniter->createController()
 3 SYSTEMPATH\CodeIgniter.php(368): CodeIgniter\CodeIgniter->handleRequest(null, Object(Config\Cache), false)
 4 FCPATH\index.php(67): CodeIgniter\CodeIgniter->run()
 5 SYSTEMPATH\Commands\Server\rewrite.php(47): require_once('FCPATH\\index.php')
WARNING - 2023-01-30 13:34:54 --> [DEPRECATED] Creation of dynamic property App\Models\CrudModel::$condb is deprecated in APPPATH\Models\CrudModel.php on line 112.
 1 APPPATH\Models\CSRF.php(12): App\Models\CrudModel->add('user_list', [...])
 2 APPPATH\Controllers\Home.php(25): App\Models\CSRF->InsertData([...], 'user_list')
 3 SYSTEMPATH\CodeIgniter.php(934): App\Controllers\Home->SubmitData()
 4 SYSTEMPATH\CodeIgniter.php(499): CodeIgniter\CodeIgniter->runController(Object(App\Controllers\Home))
 5 SYSTEMPATH\CodeIgniter.php(368): CodeIgniter\CodeIgniter->handleRequest(null, Object(Config\Cache), false)
 6 FCPATH\index.php(67): CodeIgniter\CodeIgniter->run()
 7 SYSTEMPATH\Commands\Server\rewrite.php(47): require_once('FCPATH\\index.php')
ERROR - 2023-01-30 13:34:54 --> mysqli_sql_exception: Column 'username' cannot be null in E:\XAMPP\htdocs\framework-master\system\Database\MySQLi\Connection.php:295
Stack trace:
#0 E:\XAMPP\htdocs\framework-master\system\Database\MySQLi\Connection.php(295): mysqli->query('INSERT INTO `us...', 0)
#1 E:\XAMPP\htdocs\framework-master\system\Database\BaseConnection.php(691): CodeIgniter\Database\MySQLi\Connection->execute('INSERT INTO `us...')
#2 E:\XAMPP\htdocs\framework-master\system\Database\BaseConnection.php(605): CodeIgniter\Database\BaseConnection->simpleQuery('INSERT INTO `us...')
#3 E:\XAMPP\htdocs\framework-master\system\Database\BaseBuilder.php(2295): CodeIgniter\Database\BaseConnection->query('INSERT INTO `us...', Array, false)
#4 E:\XAMPP\htdocs\framework-master\app\Models\CrudModel.php(114): CodeIgniter\Database\BaseBuilder->insert(Array)
#5 E:\XAMPP\htdocs\framework-master\app\Models\CSRF.php(12): App\Models\CrudModel->add('user_list', Array)
#6 E:\XAMPP\htdocs\framework-master\app\Controllers\Home.php(25): App\Models\CSRF->InsertData(Array, 'user_list')
#7 E:\XAMPP\htdocs\framework-master\system\CodeIgniter.php(934): App\Controllers\Home->SubmitData()
#8 E:\XAMPP\htdocs\framework-master\system\CodeIgniter.php(499): CodeIgniter\CodeIgniter->runController(Object(App\Controllers\Home))
#9 E:\XAMPP\htdocs\framework-master\system\CodeIgniter.php(368): CodeIgniter\CodeIgniter->handleRequest(NULL, Object(Config\Cache), false)
#10 E:\XAMPP\htdocs\framework-master\public\index.php(67): CodeIgniter\CodeIgniter->run()
#11 E:\XAMPP\htdocs\framework-master\system\Commands\Server\rewrite.php(47): require_once('E:\\XAMPP\\htdocs...')
#12 {main}
CRITICAL - 2023-01-30 13:34:54 --> Column 'username' cannot be null
in SYSTEMPATH\Database\BaseConnection.php on line 645.
 1 SYSTEMPATH\Database\BaseBuilder.php(2295): CodeIgniter\Database\BaseConnection->query('INSERT INTO `user_list` (`UID`, `username`, `password`) VALUES (:UID:, :username:, :password:)', [...], false)
 2 APPPATH\Models\CrudModel.php(114): CodeIgniter\Database\BaseBuilder->insert([...])
 3 APPPATH\Models\CSRF.php(12): App\Models\CrudModel->add('user_list', [...])
 4 APPPATH\Controllers\Home.php(25): App\Models\CSRF->InsertData([...], 'user_list')
 5 SYSTEMPATH\CodeIgniter.php(934): App\Controllers\Home->SubmitData()
 6 SYSTEMPATH\CodeIgniter.php(499): CodeIgniter\CodeIgniter->runController(Object(App\Controllers\Home))
 7 SYSTEMPATH\CodeIgniter.php(368): CodeIgniter\CodeIgniter->handleRequest(null, Object(Config\Cache), false)
 8 FCPATH\index.php(67): CodeIgniter\CodeIgniter->run()
 9 SYSTEMPATH\Commands\Server\rewrite.php(47): require_once('FCPATH\\index.php')
WARNING - 2023-01-30 13:37:30 --> [DEPRECATED] Creation of dynamic property App\Models\CSRF::$crud is deprecated in APPPATH\Models\CSRF.php on line 8.
 1 APPPATH\Controllers\Home.php(9): App\Models\CSRF->__construct()
 2 SYSTEMPATH\CodeIgniter.php(906): App\Controllers\Home->__construct()
 3 SYSTEMPATH\CodeIgniter.php(490): CodeIgniter\CodeIgniter->createController()
 4 SYSTEMPATH\CodeIgniter.php(368): CodeIgniter\CodeIgniter->handleRequest(null, Object(Config\Cache), false)
 5 FCPATH\index.php(67): CodeIgniter\CodeIgniter->run()
 6 SYSTEMPATH\Commands\Server\rewrite.php(47): require_once('FCPATH\\index.php')
WARNING - 2023-01-30 13:37:30 --> [DEPRECATED] Creation of dynamic property App\Controllers\Home::$model is deprecated in APPPATH\Controllers\Home.php on line 9.
 1 SYSTEMPATH\CodeIgniter.php(906): App\Controllers\Home->__construct()
 2 SYSTEMPATH\CodeIgniter.php(490): CodeIgniter\CodeIgniter->createController()
 3 SYSTEMPATH\CodeIgniter.php(368): CodeIgniter\CodeIgniter->handleRequest(null, Object(Config\Cache), false)
 4 FCPATH\index.php(67): CodeIgniter\CodeIgniter->run()
 5 SYSTEMPATH\Commands\Server\rewrite.php(47): require_once('FCPATH\\index.php')
WARNING - 2023-01-30 13:37:30 --> [DEPRECATED] Creation of dynamic property App\Models\CrudModel::$condb is deprecated in APPPATH\Models\CrudModel.php on line 112.
 1 APPPATH\Models\CSRF.php(12): App\Models\CrudModel->add('user_list', [...])
 2 APPPATH\Controllers\Home.php(25): App\Models\CSRF->InsertData([...], 'user_list')
 3 SYSTEMPATH\CodeIgniter.php(934): App\Controllers\Home->SubmitData()
 4 SYSTEMPATH\CodeIgniter.php(499): CodeIgniter\CodeIgniter->runController(Object(App\Controllers\Home))
 5 SYSTEMPATH\CodeIgniter.php(368): CodeIgniter\CodeIgniter->handleRequest(null, Object(Config\Cache), false)
 6 FCPATH\index.php(67): CodeIgniter\CodeIgniter->run()
 7 SYSTEMPATH\Commands\Server\rewrite.php(47): require_once('FCPATH\\index.php')
ERROR - 2023-01-30 13:37:30 --> mysqli_sql_exception: Column 'username' cannot be null in E:\XAMPP\htdocs\framework-master\system\Database\MySQLi\Connection.php:295
Stack trace:
#0 E:\XAMPP\htdocs\framework-master\system\Database\MySQLi\Connection.php(295): mysqli->query('INSERT INTO `us...', 0)
#1 E:\XAMPP\htdocs\framework-master\system\Database\BaseConnection.php(691): CodeIgniter\Database\MySQLi\Connection->execute('INSERT INTO `us...')
#2 E:\XAMPP\htdocs\framework-master\system\Database\BaseConnection.php(605): CodeIgniter\Database\BaseConnection->simpleQuery('INSERT INTO `us...')
#3 E:\XAMPP\htdocs\framework-master\system\Database\BaseBuilder.php(2295): CodeIgniter\Database\BaseConnection->query('INSERT INTO `us...', Array, false)
#4 E:\XAMPP\htdocs\framework-master\app\Models\CrudModel.php(114): CodeIgniter\Database\BaseBuilder->insert(Array)
#5 E:\XAMPP\htdocs\framework-master\app\Models\CSRF.php(12): App\Models\CrudModel->add('user_list', Array)
#6 E:\XAMPP\htdocs\framework-master\app\Controllers\Home.php(25): App\Models\CSRF->InsertData(Array, 'user_list')
#7 E:\XAMPP\htdocs\framework-master\system\CodeIgniter.php(934): App\Controllers\Home->SubmitData()
#8 E:\XAMPP\htdocs\framework-master\system\CodeIgniter.php(499): CodeIgniter\CodeIgniter->runController(Object(App\Controllers\Home))
#9 E:\XAMPP\htdocs\framework-master\system\CodeIgniter.php(368): CodeIgniter\CodeIgniter->handleRequest(NULL, Object(Config\Cache), false)
#10 E:\XAMPP\htdocs\framework-master\public\index.php(67): CodeIgniter\CodeIgniter->run()
#11 E:\XAMPP\htdocs\framework-master\system\Commands\Server\rewrite.php(47): require_once('E:\\XAMPP\\htdocs...')
#12 {main}
CRITICAL - 2023-01-30 13:37:30 --> Column 'username' cannot be null
in SYSTEMPATH\Database\BaseConnection.php on line 645.
 1 SYSTEMPATH\Database\BaseBuilder.php(2295): CodeIgniter\Database\BaseConnection->query('INSERT INTO `user_list` (`UID`, `username`, `password`) VALUES (:UID:, :username:, :password:)', [...], false)
 2 APPPATH\Models\CrudModel.php(114): CodeIgniter\Database\BaseBuilder->insert([...])
 3 APPPATH\Models\CSRF.php(12): App\Models\CrudModel->add('user_list', [...])
 4 APPPATH\Controllers\Home.php(25): App\Models\CSRF->InsertData([...], 'user_list')
 5 SYSTEMPATH\CodeIgniter.php(934): App\Controllers\Home->SubmitData()
 6 SYSTEMPATH\CodeIgniter.php(499): CodeIgniter\CodeIgniter->runController(Object(App\Controllers\Home))
 7 SYSTEMPATH\CodeIgniter.php(368): CodeIgniter\CodeIgniter->handleRequest(null, Object(Config\Cache), false)
 8 FCPATH\index.php(67): CodeIgniter\CodeIgniter->run()
 9 SYSTEMPATH\Commands\Server\rewrite.php(47): require_once('FCPATH\\index.php')
WARNING - 2023-01-30 13:37:51 --> [DEPRECATED] Creation of dynamic property App\Models\CSRF::$crud is deprecated in APPPATH\Models\CSRF.php on line 8.
 1 APPPATH\Controllers\Home.php(9): App\Models\CSRF->__construct()
 2 SYSTEMPATH\CodeIgniter.php(906): App\Controllers\Home->__construct()
 3 SYSTEMPATH\CodeIgniter.php(490): CodeIgniter\CodeIgniter->createController()
 4 SYSTEMPATH\CodeIgniter.php(368): CodeIgniter\CodeIgniter->handleRequest(null, Object(Config\Cache), false)
 5 FCPATH\index.php(67): CodeIgniter\CodeIgniter->run()
 6 SYSTEMPATH\Commands\Server\rewrite.php(47): require_once('FCPATH\\index.php')
WARNING - 2023-01-30 13:37:51 --> [DEPRECATED] Creation of dynamic property App\Controllers\Home::$model is deprecated in APPPATH\Controllers\Home.php on line 9.
 1 SYSTEMPATH\CodeIgniter.php(906): App\Controllers\Home->__construct()
 2 SYSTEMPATH\CodeIgniter.php(490): CodeIgniter\CodeIgniter->createController()
 3 SYSTEMPATH\CodeIgniter.php(368): CodeIgniter\CodeIgniter->handleRequest(null, Object(Config\Cache), false)
 4 FCPATH\index.php(67): CodeIgniter\CodeIgniter->run()
 5 SYSTEMPATH\Commands\Server\rewrite.php(47): require_once('FCPATH\\index.php')
WARNING - 2023-01-30 13:37:51 --> [DEPRECATED] Creation of dynamic property App\Models\CrudModel::$condb is deprecated in APPPATH\Models\CrudModel.php on line 112.
 1 APPPATH\Models\CSRF.php(12): App\Models\CrudModel->add('user_list', [...])
 2 APPPATH\Controllers\Home.php(25): App\Models\CSRF->InsertData([...], 'user_list')
 3 SYSTEMPATH\CodeIgniter.php(934): App\Controllers\Home->SubmitData()
 4 SYSTEMPATH\CodeIgniter.php(499): CodeIgniter\CodeIgniter->runController(Object(App\Controllers\Home))
 5 SYSTEMPATH\CodeIgniter.php(368): CodeIgniter\CodeIgniter->handleRequest(null, Object(Config\Cache), false)
 6 FCPATH\index.php(67): CodeIgniter\CodeIgniter->run()
 7 SYSTEMPATH\Commands\Server\rewrite.php(47): require_once('FCPATH\\index.php')
ERROR - 2023-01-30 13:37:51 --> mysqli_sql_exception: Column 'username' cannot be null in E:\XAMPP\htdocs\framework-master\system\Database\MySQLi\Connection.php:295
Stack trace:
#0 E:\XAMPP\htdocs\framework-master\system\Database\MySQLi\Connection.php(295): mysqli->query('INSERT INTO `us...', 0)
#1 E:\XAMPP\htdocs\framework-master\system\Database\BaseConnection.php(691): CodeIgniter\Database\MySQLi\Connection->execute('INSERT INTO `us...')
#2 E:\XAMPP\htdocs\framework-master\system\Database\BaseConnection.php(605): CodeIgniter\Database\BaseConnection->simpleQuery('INSERT INTO `us...')
#3 E:\XAMPP\htdocs\framework-master\system\Database\BaseBuilder.php(2295): CodeIgniter\Database\BaseConnection->query('INSERT INTO `us...', Array, false)
#4 E:\XAMPP\htdocs\framework-master\app\Models\CrudModel.php(114): CodeIgniter\Database\BaseBuilder->insert(Array)
#5 E:\XAMPP\htdocs\framework-master\app\Models\CSRF.php(12): App\Models\CrudModel->add('user_list', Array)
#6 E:\XAMPP\htdocs\framework-master\app\Controllers\Home.php(25): App\Models\CSRF->InsertData(Array, 'user_list')
#7 E:\XAMPP\htdocs\framework-master\system\CodeIgniter.php(934): App\Controllers\Home->SubmitData()
#8 E:\XAMPP\htdocs\framework-master\system\CodeIgniter.php(499): CodeIgniter\CodeIgniter->runController(Object(App\Controllers\Home))
#9 E:\XAMPP\htdocs\framework-master\system\CodeIgniter.php(368): CodeIgniter\CodeIgniter->handleRequest(NULL, Object(Config\Cache), false)
#10 E:\XAMPP\htdocs\framework-master\public\index.php(67): CodeIgniter\CodeIgniter->run()
#11 E:\XAMPP\htdocs\framework-master\system\Commands\Server\rewrite.php(47): require_once('E:\\XAMPP\\htdocs...')
#12 {main}
CRITICAL - 2023-01-30 13:37:51 --> Column 'username' cannot be null
in SYSTEMPATH\Database\BaseConnection.php on line 645.
 1 SYSTEMPATH\Database\BaseBuilder.php(2295): CodeIgniter\Database\BaseConnection->query('INSERT INTO `user_list` (`UID`, `username`, `password`) VALUES (:UID:, :username:, :password:)', [...], false)
 2 APPPATH\Models\CrudModel.php(114): CodeIgniter\Database\BaseBuilder->insert([...])
 3 APPPATH\Models\CSRF.php(12): App\Models\CrudModel->add('user_list', [...])
 4 APPPATH\Controllers\Home.php(25): App\Models\CSRF->InsertData([...], 'user_list')
 5 SYSTEMPATH\CodeIgniter.php(934): App\Controllers\Home->SubmitData()
 6 SYSTEMPATH\CodeIgniter.php(499): CodeIgniter\CodeIgniter->runController(Object(App\Controllers\Home))
 7 SYSTEMPATH\CodeIgniter.php(368): CodeIgniter\CodeIgniter->handleRequest(null, Object(Config\Cache), false)
 8 FCPATH\index.php(67): CodeIgniter\CodeIgniter->run()
 9 SYSTEMPATH\Commands\Server\rewrite.php(47): require_once('FCPATH\\index.php')
WARNING - 2023-01-30 13:39:50 --> [DEPRECATED] Creation of dynamic property App\Models\CSRF::$crud is deprecated in APPPATH\Models\CSRF.php on line 8.
 1 APPPATH\Controllers\Home.php(9): App\Models\CSRF->__construct()
 2 SYSTEMPATH\CodeIgniter.php(906): App\Controllers\Home->__construct()
 3 SYSTEMPATH\CodeIgniter.php(490): CodeIgniter\CodeIgniter->createController()
 4 SYSTEMPATH\CodeIgniter.php(368): CodeIgniter\CodeIgniter->handleRequest(null, Object(Config\Cache), false)
 5 FCPATH\index.php(67): CodeIgniter\CodeIgniter->run()
 6 SYSTEMPATH\Commands\Server\rewrite.php(47): require_once('FCPATH\\index.php')
WARNING - 2023-01-30 13:39:50 --> [DEPRECATED] Creation of dynamic property App\Controllers\Home::$model is deprecated in APPPATH\Controllers\Home.php on line 9.
 1 SYSTEMPATH\CodeIgniter.php(906): App\Controllers\Home->__construct()
 2 SYSTEMPATH\CodeIgniter.php(490): CodeIgniter\CodeIgniter->createController()
 3 SYSTEMPATH\CodeIgniter.php(368): CodeIgniter\CodeIgniter->handleRequest(null, Object(Config\Cache), false)
 4 FCPATH\index.php(67): CodeIgniter\CodeIgniter->run()
 5 SYSTEMPATH\Commands\Server\rewrite.php(47): require_once('FCPATH\\index.php')
WARNING - 2023-01-30 13:39:50 --> [DEPRECATED] Creation of dynamic property App\Models\CrudModel::$condb is deprecated in APPPATH\Models\CrudModel.php on line 112.
 1 APPPATH\Models\CSRF.php(12): App\Models\CrudModel->add('user_list', [...])
 2 APPPATH\Controllers\Home.php(25): App\Models\CSRF->InsertData([...], 'user_list')
 3 SYSTEMPATH\CodeIgniter.php(934): App\Controllers\Home->SubmitData()
 4 SYSTEMPATH\CodeIgniter.php(499): CodeIgniter\CodeIgniter->runController(Object(App\Controllers\Home))
 5 SYSTEMPATH\CodeIgniter.php(368): CodeIgniter\CodeIgniter->handleRequest(null, Object(Config\Cache), false)
 6 FCPATH\index.php(67): CodeIgniter\CodeIgniter->run()
 7 SYSTEMPATH\Commands\Server\rewrite.php(47): require_once('FCPATH\\index.php')
ERROR - 2023-01-30 13:39:50 --> mysqli_sql_exception: Column 'username' cannot be null in E:\XAMPP\htdocs\framework-master\system\Database\MySQLi\Connection.php:295
Stack trace:
#0 E:\XAMPP\htdocs\framework-master\system\Database\MySQLi\Connection.php(295): mysqli->query('INSERT INTO `us...', 0)
#1 E:\XAMPP\htdocs\framework-master\system\Database\BaseConnection.php(691): CodeIgniter\Database\MySQLi\Connection->execute('INSERT INTO `us...')
#2 E:\XAMPP\htdocs\framework-master\system\Database\BaseConnection.php(605): CodeIgniter\Database\BaseConnection->simpleQuery('INSERT INTO `us...')
#3 E:\XAMPP\htdocs\framework-master\system\Database\BaseBuilder.php(2295): CodeIgniter\Database\BaseConnection->query('INSERT INTO `us...', Array, false)
#4 E:\XAMPP\htdocs\framework-master\app\Models\CrudModel.php(114): CodeIgniter\Database\BaseBuilder->insert(Array)
#5 E:\XAMPP\htdocs\framework-master\app\Models\CSRF.php(12): App\Models\CrudModel->add('user_list', Array)
#6 E:\XAMPP\htdocs\framework-master\app\Controllers\Home.php(25): App\Models\CSRF->InsertData(Array, 'user_list')
#7 E:\XAMPP\htdocs\framework-master\system\CodeIgniter.php(934): App\Controllers\Home->SubmitData()
#8 E:\XAMPP\htdocs\framework-master\system\CodeIgniter.php(499): CodeIgniter\CodeIgniter->runController(Object(App\Controllers\Home))
#9 E:\XAMPP\htdocs\framework-master\system\CodeIgniter.php(368): CodeIgniter\CodeIgniter->handleRequest(NULL, Object(Config\Cache), false)
#10 E:\XAMPP\htdocs\framework-master\public\index.php(67): CodeIgniter\CodeIgniter->run()
#11 E:\XAMPP\htdocs\framework-master\system\Commands\Server\rewrite.php(47): require_once('E:\\XAMPP\\htdocs...')
#12 {main}
CRITICAL - 2023-01-30 13:39:50 --> Column 'username' cannot be null
in SYSTEMPATH\Database\BaseConnection.php on line 645.
 1 SYSTEMPATH\Database\BaseBuilder.php(2295): CodeIgniter\Database\BaseConnection->query('INSERT INTO `user_list` (`UID`, `username`, `password`) VALUES (:UID:, :username:, :password:)', [...], false)
 2 APPPATH\Models\CrudModel.php(114): CodeIgniter\Database\BaseBuilder->insert([...])
 3 APPPATH\Models\CSRF.php(12): App\Models\CrudModel->add('user_list', [...])
 4 APPPATH\Controllers\Home.php(25): App\Models\CSRF->InsertData([...], 'user_list')
 5 SYSTEMPATH\CodeIgniter.php(934): App\Controllers\Home->SubmitData()
 6 SYSTEMPATH\CodeIgniter.php(499): CodeIgniter\CodeIgniter->runController(Object(App\Controllers\Home))
 7 SYSTEMPATH\CodeIgniter.php(368): CodeIgniter\CodeIgniter->handleRequest(null, Object(Config\Cache), false)
 8 FCPATH\index.php(67): CodeIgniter\CodeIgniter->run()
 9 SYSTEMPATH\Commands\Server\rewrite.php(47): require_once('FCPATH\\index.php')
WARNING - 2023-01-30 13:44:20 --> [DEPRECATED] Creation of dynamic property App\Models\CSRF::$crud is deprecated in APPPATH\Models\CSRF.php on line 8.
 1 APPPATH\Controllers\Home.php(9): App\Models\CSRF->__construct()
 2 SYSTEMPATH\CodeIgniter.php(906): App\Controllers\Home->__construct()
 3 SYSTEMPATH\CodeIgniter.php(490): CodeIgniter\CodeIgniter->createController()
 4 SYSTEMPATH\CodeIgniter.php(368): CodeIgniter\CodeIgniter->handleRequest(null, Object(Config\Cache), false)
 5 FCPATH\index.php(67): CodeIgniter\CodeIgniter->run()
 6 SYSTEMPATH\Commands\Server\rewrite.php(47): require_once('FCPATH\\index.php')
WARNING - 2023-01-30 13:44:20 --> [DEPRECATED] Creation of dynamic property App\Controllers\Home::$model is deprecated in APPPATH\Controllers\Home.php on line 9.
 1 SYSTEMPATH\CodeIgniter.php(906): App\Controllers\Home->__construct()
 2 SYSTEMPATH\CodeIgniter.php(490): CodeIgniter\CodeIgniter->createController()
 3 SYSTEMPATH\CodeIgniter.php(368): CodeIgniter\CodeIgniter->handleRequest(null, Object(Config\Cache), false)
 4 FCPATH\index.php(67): CodeIgniter\CodeIgniter->run()
 5 SYSTEMPATH\Commands\Server\rewrite.php(47): require_once('FCPATH\\index.php')
WARNING - 2023-01-30 13:44:20 --> [DEPRECATED] Creation of dynamic property App\Models\CrudModel::$condb is deprecated in APPPATH\Models\CrudModel.php on line 112.
 1 APPPATH\Models\CSRF.php(12): App\Models\CrudModel->add('user_list', [...])
 2 APPPATH\Controllers\Home.php(25): App\Models\CSRF->InsertData([...], 'user_list')
 3 SYSTEMPATH\CodeIgniter.php(934): App\Controllers\Home->SubmitData()
 4 SYSTEMPATH\CodeIgniter.php(499): CodeIgniter\CodeIgniter->runController(Object(App\Controllers\Home))
 5 SYSTEMPATH\CodeIgniter.php(368): CodeIgniter\CodeIgniter->handleRequest(null, Object(Config\Cache), false)
 6 FCPATH\index.php(67): CodeIgniter\CodeIgniter->run()
 7 SYSTEMPATH\Commands\Server\rewrite.php(47): require_once('FCPATH\\index.php')
ERROR - 2023-01-30 13:44:20 --> mysqli_sql_exception: Column 'username' cannot be null in E:\XAMPP\htdocs\framework-master\system\Database\MySQLi\Connection.php:295
Stack trace:
#0 E:\XAMPP\htdocs\framework-master\system\Database\MySQLi\Connection.php(295): mysqli->query('INSERT INTO `us...', 0)
#1 E:\XAMPP\htdocs\framework-master\system\Database\BaseConnection.php(691): CodeIgniter\Database\MySQLi\Connection->execute('INSERT INTO `us...')
#2 E:\XAMPP\htdocs\framework-master\system\Database\BaseConnection.php(605): CodeIgniter\Database\BaseConnection->simpleQuery('INSERT INTO `us...')
#3 E:\XAMPP\htdocs\framework-master\system\Database\BaseBuilder.php(2295): CodeIgniter\Database\BaseConnection->query('INSERT INTO `us...', Array, false)
#4 E:\XAMPP\htdocs\framework-master\app\Models\CrudModel.php(114): CodeIgniter\Database\BaseBuilder->insert(Array)
#5 E:\XAMPP\htdocs\framework-master\app\Models\CSRF.php(12): App\Models\CrudModel->add('user_list', Array)
#6 E:\XAMPP\htdocs\framework-master\app\Controllers\Home.php(25): App\Models\CSRF->InsertData(Array, 'user_list')
#7 E:\XAMPP\htdocs\framework-master\system\CodeIgniter.php(934): App\Controllers\Home->SubmitData()
#8 E:\XAMPP\htdocs\framework-master\system\CodeIgniter.php(499): CodeIgniter\CodeIgniter->runController(Object(App\Controllers\Home))
#9 E:\XAMPP\htdocs\framework-master\system\CodeIgniter.php(368): CodeIgniter\CodeIgniter->handleRequest(NULL, Object(Config\Cache), false)
#10 E:\XAMPP\htdocs\framework-master\public\index.php(67): CodeIgniter\CodeIgniter->run()
#11 E:\XAMPP\htdocs\framework-master\system\Commands\Server\rewrite.php(47): require_once('E:\\XAMPP\\htdocs...')
#12 {main}
CRITICAL - 2023-01-30 13:44:20 --> Column 'username' cannot be null
in SYSTEMPATH\Database\BaseConnection.php on line 645.
 1 SYSTEMPATH\Database\BaseBuilder.php(2295): CodeIgniter\Database\BaseConnection->query('INSERT INTO `user_list` (`UID`, `username`, `password`) VALUES (:UID:, :username:, :password:)', [...], false)
 2 APPPATH\Models\CrudModel.php(114): CodeIgniter\Database\BaseBuilder->insert([...])
 3 APPPATH\Models\CSRF.php(12): App\Models\CrudModel->add('user_list', [...])
 4 APPPATH\Controllers\Home.php(25): App\Models\CSRF->InsertData([...], 'user_list')
 5 SYSTEMPATH\CodeIgniter.php(934): App\Controllers\Home->SubmitData()
 6 SYSTEMPATH\CodeIgniter.php(499): CodeIgniter\CodeIgniter->runController(Object(App\Controllers\Home))
 7 SYSTEMPATH\CodeIgniter.php(368): CodeIgniter\CodeIgniter->handleRequest(null, Object(Config\Cache), false)
 8 FCPATH\index.php(67): CodeIgniter\CodeIgniter->run()
 9 SYSTEMPATH\Commands\Server\rewrite.php(47): require_once('FCPATH\\index.php')
WARNING - 2023-01-30 13:59:48 --> [DEPRECATED] Creation of dynamic property App\Models\CSRF::$crud is deprecated in APPPATH\Models\CSRF.php on line 8.
 1 APPPATH\Controllers\Home.php(9): App\Models\CSRF->__construct()
 2 SYSTEMPATH\CodeIgniter.php(906): App\Controllers\Home->__construct()
 3 SYSTEMPATH\CodeIgniter.php(490): CodeIgniter\CodeIgniter->createController()
 4 SYSTEMPATH\CodeIgniter.php(368): CodeIgniter\CodeIgniter->handleRequest(null, Object(Config\Cache), false)
 5 FCPATH\index.php(67): CodeIgniter\CodeIgniter->run()
 6 SYSTEMPATH\Commands\Server\rewrite.php(47): require_once('FCPATH\\index.php')
WARNING - 2023-01-30 13:59:48 --> [DEPRECATED] Creation of dynamic property App\Controllers\Home::$model is deprecated in APPPATH\Controllers\Home.php on line 9.
 1 SYSTEMPATH\CodeIgniter.php(906): App\Controllers\Home->__construct()
 2 SYSTEMPATH\CodeIgniter.php(490): CodeIgniter\CodeIgniter->createController()
 3 SYSTEMPATH\CodeIgniter.php(368): CodeIgniter\CodeIgniter->handleRequest(null, Object(Config\Cache), false)
 4 FCPATH\index.php(67): CodeIgniter\CodeIgniter->run()
 5 SYSTEMPATH\Commands\Server\rewrite.php(47): require_once('FCPATH\\index.php')
WARNING - 2023-01-30 14:02:09 --> [DEPRECATED] Creation of dynamic property App\Models\CSRF::$crud is deprecated in APPPATH\Models\CSRF.php on line 8.
 1 APPPATH\Controllers\Home.php(9): App\Models\CSRF->__construct()
 2 SYSTEMPATH\CodeIgniter.php(906): App\Controllers\Home->__construct()
 3 SYSTEMPATH\CodeIgniter.php(490): CodeIgniter\CodeIgniter->createController()
 4 SYSTEMPATH\CodeIgniter.php(368): CodeIgniter\CodeIgniter->handleRequest(null, Object(Config\Cache), false)
 5 FCPATH\index.php(67): CodeIgniter\CodeIgniter->run()
 6 SYSTEMPATH\Commands\Server\rewrite.php(47): require_once('FCPATH\\index.php')
WARNING - 2023-01-30 14:02:09 --> [DEPRECATED] Creation of dynamic property App\Controllers\Home::$model is deprecated in APPPATH\Controllers\Home.php on line 9.
 1 SYSTEMPATH\CodeIgniter.php(906): App\Controllers\Home->__construct()
 2 SYSTEMPATH\CodeIgniter.php(490): CodeIgniter\CodeIgniter->createController()
 3 SYSTEMPATH\CodeIgniter.php(368): CodeIgniter\CodeIgniter->handleRequest(null, Object(Config\Cache), false)
 4 FCPATH\index.php(67): CodeIgniter\CodeIgniter->run()
 5 SYSTEMPATH\Commands\Server\rewrite.php(47): require_once('FCPATH\\index.php')
WARNING - 2023-01-30 14:04:55 --> [DEPRECATED] Creation of dynamic property App\Models\CSRF::$crud is deprecated in APPPATH\Models\CSRF.php on line 8.
 1 APPPATH\Controllers\Home.php(9): App\Models\CSRF->__construct()
 2 SYSTEMPATH\CodeIgniter.php(906): App\Controllers\Home->__construct()
 3 SYSTEMPATH\CodeIgniter.php(490): CodeIgniter\CodeIgniter->createController()
 4 SYSTEMPATH\CodeIgniter.php(368): CodeIgniter\CodeIgniter->handleRequest(null, Object(Config\Cache), false)
 5 FCPATH\index.php(67): CodeIgniter\CodeIgniter->run()
 6 SYSTEMPATH\Commands\Server\rewrite.php(47): require_once('FCPATH\\index.php')
WARNING - 2023-01-30 14:04:55 --> [DEPRECATED] Creation of dynamic property App\Controllers\Home::$model is deprecated in APPPATH\Controllers\Home.php on line 9.
 1 SYSTEMPATH\CodeIgniter.php(906): App\Controllers\Home->__construct()
 2 SYSTEMPATH\CodeIgniter.php(490): CodeIgniter\CodeIgniter->createController()
 3 SYSTEMPATH\CodeIgniter.php(368): CodeIgniter\CodeIgniter->handleRequest(null, Object(Config\Cache), false)
 4 FCPATH\index.php(67): CodeIgniter\CodeIgniter->run()
 5 SYSTEMPATH\Commands\Server\rewrite.php(47): require_once('FCPATH\\index.php')
WARNING - 2023-01-30 14:05:23 --> [DEPRECATED] Creation of dynamic property App\Models\CSRF::$crud is deprecated in APPPATH\Models\CSRF.php on line 8.
 1 APPPATH\Controllers\Home.php(9): App\Models\CSRF->__construct()
 2 SYSTEMPATH\CodeIgniter.php(906): App\Controllers\Home->__construct()
 3 SYSTEMPATH\CodeIgniter.php(490): CodeIgniter\CodeIgniter->createController()
 4 SYSTEMPATH\CodeIgniter.php(368): CodeIgniter\CodeIgniter->handleRequest(null, Object(Config\Cache), false)
 5 FCPATH\index.php(67): CodeIgniter\CodeIgniter->run()
 6 SYSTEMPATH\Commands\Server\rewrite.php(47): require_once('FCPATH\\index.php')
WARNING - 2023-01-30 14:05:23 --> [DEPRECATED] Creation of dynamic property App\Controllers\Home::$model is deprecated in APPPATH\Controllers\Home.php on line 9.
 1 SYSTEMPATH\CodeIgniter.php(906): App\Controllers\Home->__construct()
 2 SYSTEMPATH\CodeIgniter.php(490): CodeIgniter\CodeIgniter->createController()
 3 SYSTEMPATH\CodeIgniter.php(368): CodeIgniter\CodeIgniter->handleRequest(null, Object(Config\Cache), false)
 4 FCPATH\index.php(67): CodeIgniter\CodeIgniter->run()
 5 SYSTEMPATH\Commands\Server\rewrite.php(47): require_once('FCPATH\\index.php')
WARNING - 2023-01-30 14:18:42 --> [DEPRECATED] Creation of dynamic property App\Models\CSRF::$crud is deprecated in APPPATH\Models\CSRF.php on line 8.
 1 APPPATH\Controllers\Home.php(9): App\Models\CSRF->__construct()
 2 SYSTEMPATH\CodeIgniter.php(906): App\Controllers\Home->__construct()
 3 SYSTEMPATH\CodeIgniter.php(490): CodeIgniter\CodeIgniter->createController()
 4 SYSTEMPATH\CodeIgniter.php(368): CodeIgniter\CodeIgniter->handleRequest(null, Object(Config\Cache), false)
 5 FCPATH\index.php(67): CodeIgniter\CodeIgniter->run()
 6 SYSTEMPATH\Commands\Server\rewrite.php(47): require_once('FCPATH\\index.php')
WARNING - 2023-01-30 14:18:42 --> [DEPRECATED] Creation of dynamic property App\Controllers\Home::$model is deprecated in APPPATH\Controllers\Home.php on line 9.
 1 SYSTEMPATH\CodeIgniter.php(906): App\Controllers\Home->__construct()
 2 SYSTEMPATH\CodeIgniter.php(490): CodeIgniter\CodeIgniter->createController()
 3 SYSTEMPATH\CodeIgniter.php(368): CodeIgniter\CodeIgniter->handleRequest(null, Object(Config\Cache), false)
 4 FCPATH\index.php(67): CodeIgniter\CodeIgniter->run()
 5 SYSTEMPATH\Commands\Server\rewrite.php(47): require_once('FCPATH\\index.php')
WARNING - 2023-01-30 14:21:02 --> [DEPRECATED] Creation of dynamic property App\Models\CSRF::$crud is deprecated in APPPATH\Models\CSRF.php on line 8.
 1 APPPATH\Controllers\Home.php(9): App\Models\CSRF->__construct()
 2 SYSTEMPATH\CodeIgniter.php(906): App\Controllers\Home->__construct()
 3 SYSTEMPATH\CodeIgniter.php(490): CodeIgniter\CodeIgniter->createController()
 4 SYSTEMPATH\CodeIgniter.php(368): CodeIgniter\CodeIgniter->handleRequest(null, Object(Config\Cache), false)
 5 FCPATH\index.php(67): CodeIgniter\CodeIgniter->run()
 6 SYSTEMPATH\Commands\Server\rewrite.php(47): require_once('FCPATH\\index.php')
WARNING - 2023-01-30 14:21:02 --> [DEPRECATED] Creation of dynamic property App\Controllers\Home::$model is deprecated in APPPATH\Controllers\Home.php on line 9.
 1 SYSTEMPATH\CodeIgniter.php(906): App\Controllers\Home->__construct()
 2 SYSTEMPATH\CodeIgniter.php(490): CodeIgniter\CodeIgniter->createController()
 3 SYSTEMPATH\CodeIgniter.php(368): CodeIgniter\CodeIgniter->handleRequest(null, Object(Config\Cache), false)
 4 FCPATH\index.php(67): CodeIgniter\CodeIgniter->run()
 5 SYSTEMPATH\Commands\Server\rewrite.php(47): require_once('FCPATH\\index.php')
WARNING - 2023-01-30 14:21:02 --> [DEPRECATED] Creation of dynamic property App\Models\CrudModel::$condb is deprecated in APPPATH\Models\CrudModel.php on line 51.
 1 APPPATH\Models\CSRF.php(16): App\Models\CrudModel->get_by_query_array('SELECT * FROM user_list')
 2 APPPATH\Controllers\Home.php(22): App\Models\CSRF->UserList()
 3 SYSTEMPATH\CodeIgniter.php(934): App\Controllers\Home->ListView()
 4 SYSTEMPATH\CodeIgniter.php(499): CodeIgniter\CodeIgniter->runController(Object(App\Controllers\Home))
 5 SYSTEMPATH\CodeIgniter.php(368): CodeIgniter\CodeIgniter->handleRequest(null, Object(Config\Cache), false)
 6 FCPATH\index.php(67): CodeIgniter\CodeIgniter->run()
 7 SYSTEMPATH\Commands\Server\rewrite.php(47): require_once('FCPATH\\index.php')
CRITICAL - 2023-01-30 14:21:02 --> Array to string conversion
in APPPATH\Views\update.php on line 26.
 1 APPPATH\Views\update.php(26): CodeIgniter\Debug\Exceptions->errorHandler(2, 'Array to string conversion', 'APPPATH\\Views\\update.php', 26)
 2 SYSTEMPATH\View\View.php(213): include('APPPATH\\Views\\update.php')
 3 SYSTEMPATH\View\View.php(216): CodeIgniter\View\View->CodeIgniter\View\{closure}()
 4 SYSTEMPATH\Common.php(1177): CodeIgniter\View\View->render('update', [], true)
 5 APPPATH\Controllers\Home.php(23): view('update', [...])
 6 SYSTEMPATH\CodeIgniter.php(934): App\Controllers\Home->ListView()
 7 SYSTEMPATH\CodeIgniter.php(499): CodeIgniter\CodeIgniter->runController(Object(App\Controllers\Home))
 8 SYSTEMPATH\CodeIgniter.php(368): CodeIgniter\CodeIgniter->handleRequest(null, Object(Config\Cache), false)
 9 FCPATH\index.php(67): CodeIgniter\CodeIgniter->run()
10 SYSTEMPATH\Commands\Server\rewrite.php(47): require_once('FCPATH\\index.php')
WARNING - 2023-01-30 14:21:26 --> [DEPRECATED] Creation of dynamic property App\Models\CSRF::$crud is deprecated in APPPATH\Models\CSRF.php on line 8.
 1 APPPATH\Controllers\Home.php(9): App\Models\CSRF->__construct()
 2 SYSTEMPATH\CodeIgniter.php(906): App\Controllers\Home->__construct()
 3 SYSTEMPATH\CodeIgniter.php(490): CodeIgniter\CodeIgniter->createController()
 4 SYSTEMPATH\CodeIgniter.php(368): CodeIgniter\CodeIgniter->handleRequest(null, Object(Config\Cache), false)
 5 FCPATH\index.php(67): CodeIgniter\CodeIgniter->run()
 6 SYSTEMPATH\Commands\Server\rewrite.php(47): require_once('FCPATH\\index.php')
WARNING - 2023-01-30 14:21:26 --> [DEPRECATED] Creation of dynamic property App\Controllers\Home::$model is deprecated in APPPATH\Controllers\Home.php on line 9.
 1 SYSTEMPATH\CodeIgniter.php(906): App\Controllers\Home->__construct()
 2 SYSTEMPATH\CodeIgniter.php(490): CodeIgniter\CodeIgniter->createController()
 3 SYSTEMPATH\CodeIgniter.php(368): CodeIgniter\CodeIgniter->handleRequest(null, Object(Config\Cache), false)
 4 FCPATH\index.php(67): CodeIgniter\CodeIgniter->run()
 5 SYSTEMPATH\Commands\Server\rewrite.php(47): require_once('FCPATH\\index.php')
WARNING - 2023-01-30 14:21:26 --> [DEPRECATED] Creation of dynamic property App\Models\CrudModel::$condb is deprecated in APPPATH\Models\CrudModel.php on line 51.
 1 APPPATH\Models\CSRF.php(16): App\Models\CrudModel->get_by_query_array('SELECT * FROM user_list')
 2 APPPATH\Controllers\Home.php(22): App\Models\CSRF->UserList()
 3 SYSTEMPATH\CodeIgniter.php(934): App\Controllers\Home->ListView()
 4 SYSTEMPATH\CodeIgniter.php(499): CodeIgniter\CodeIgniter->runController(Object(App\Controllers\Home))
 5 SYSTEMPATH\CodeIgniter.php(368): CodeIgniter\CodeIgniter->handleRequest(null, Object(Config\Cache), false)
 6 FCPATH\index.php(67): CodeIgniter\CodeIgniter->run()
 7 SYSTEMPATH\Commands\Server\rewrite.php(47): require_once('FCPATH\\index.php')
WARNING - 2023-01-30 14:43:13 --> [DEPRECATED] Creation of dynamic property App\Models\CSRF::$crud is deprecated in APPPATH\Models\CSRF.php on line 8.
 1 APPPATH\Controllers\Home.php(9): App\Models\CSRF->__construct()
 2 SYSTEMPATH\CodeIgniter.php(906): App\Controllers\Home->__construct()
 3 SYSTEMPATH\CodeIgniter.php(490): CodeIgniter\CodeIgniter->createController()
 4 SYSTEMPATH\CodeIgniter.php(368): CodeIgniter\CodeIgniter->handleRequest(null, Object(Config\Cache), false)
 5 FCPATH\index.php(67): CodeIgniter\CodeIgniter->run()
 6 SYSTEMPATH\Commands\Server\rewrite.php(47): require_once('FCPATH\\index.php')
WARNING - 2023-01-30 14:43:13 --> [DEPRECATED] Creation of dynamic property App\Controllers\Home::$model is deprecated in APPPATH\Controllers\Home.php on line 9.
 1 SYSTEMPATH\CodeIgniter.php(906): App\Controllers\Home->__construct()
 2 SYSTEMPATH\CodeIgniter.php(490): CodeIgniter\CodeIgniter->createController()
 3 SYSTEMPATH\CodeIgniter.php(368): CodeIgniter\CodeIgniter->handleRequest(null, Object(Config\Cache), false)
 4 FCPATH\index.php(67): CodeIgniter\CodeIgniter->run()
 5 SYSTEMPATH\Commands\Server\rewrite.php(47): require_once('FCPATH\\index.php')
WARNING - 2023-01-30 14:43:13 --> [DEPRECATED] Creation of dynamic property App\Models\CrudModel::$condb is deprecated in APPPATH\Models\CrudModel.php on line 51.
 1 APPPATH\Models\CSRF.php(16): App\Models\CrudModel->get_by_query_array('SELECT * FROM user_list')
 2 APPPATH\Controllers\Home.php(22): App\Models\CSRF->UserList()
 3 SYSTEMPATH\CodeIgniter.php(934): App\Controllers\Home->ListView()
 4 SYSTEMPATH\CodeIgniter.php(499): CodeIgniter\CodeIgniter->runController(Object(App\Controllers\Home))
 5 SYSTEMPATH\CodeIgniter.php(368): CodeIgniter\CodeIgniter->handleRequest(null, Object(Config\Cache), false)
 6 FCPATH\index.php(67): CodeIgniter\CodeIgniter->run()
 7 SYSTEMPATH\Commands\Server\rewrite.php(47): require_once('FCPATH\\index.php')
WARNING - 2023-01-30 14:43:19 --> [DEPRECATED] Creation of dynamic property App\Models\CSRF::$crud is deprecated in APPPATH\Models\CSRF.php on line 8.
 1 APPPATH\Controllers\Home.php(9): App\Models\CSRF->__construct()
 2 SYSTEMPATH\CodeIgniter.php(906): App\Controllers\Home->__construct()
 3 SYSTEMPATH\CodeIgniter.php(490): CodeIgniter\CodeIgniter->createController()
 4 SYSTEMPATH\CodeIgniter.php(368): CodeIgniter\CodeIgniter->handleRequest(null, Object(Config\Cache), false)
 5 FCPATH\index.php(67): CodeIgniter\CodeIgniter->run()
 6 SYSTEMPATH\Commands\Server\rewrite.php(47): require_once('FCPATH\\index.php')
WARNING - 2023-01-30 14:43:19 --> [DEPRECATED] Creation of dynamic property App\Controllers\Home::$model is deprecated in APPPATH\Controllers\Home.php on line 9.
 1 SYSTEMPATH\CodeIgniter.php(906): App\Controllers\Home->__construct()
 2 SYSTEMPATH\CodeIgniter.php(490): CodeIgniter\CodeIgniter->createController()
 3 SYSTEMPATH\CodeIgniter.php(368): CodeIgniter\CodeIgniter->handleRequest(null, Object(Config\Cache), false)
 4 FCPATH\index.php(67): CodeIgniter\CodeIgniter->run()
 5 SYSTEMPATH\Commands\Server\rewrite.php(47): require_once('FCPATH\\index.php')
WARNING - 2023-01-30 14:43:19 --> [DEPRECATED] Creation of dynamic property App\Models\CrudModel::$condb is deprecated in APPPATH\Models\CrudModel.php on line 51.
 1 APPPATH\Models\CSRF.php(16): App\Models\CrudModel->get_by_query_array('SELECT * FROM user_list')
 2 APPPATH\Controllers\Home.php(22): App\Models\CSRF->UserList()
 3 SYSTEMPATH\CodeIgniter.php(934): App\Controllers\Home->ListView()
 4 SYSTEMPATH\CodeIgniter.php(499): CodeIgniter\CodeIgniter->runController(Object(App\Controllers\Home))
 5 SYSTEMPATH\CodeIgniter.php(368): CodeIgniter\CodeIgniter->handleRequest(null, Object(Config\Cache), false)
 6 FCPATH\index.php(67): CodeIgniter\CodeIgniter->run()
 7 SYSTEMPATH\Commands\Server\rewrite.php(47): require_once('FCPATH\\index.php')
WARNING - 2023-01-30 14:48:14 --> [DEPRECATED] Creation of dynamic property App\Models\CSRF::$crud is deprecated in APPPATH\Models\CSRF.php on line 8.
 1 APPPATH\Controllers\Home.php(9): App\Models\CSRF->__construct()
 2 SYSTEMPATH\CodeIgniter.php(906): App\Controllers\Home->__construct()
 3 SYSTEMPATH\CodeIgniter.php(490): CodeIgniter\CodeIgniter->createController()
 4 SYSTEMPATH\CodeIgniter.php(368): CodeIgniter\CodeIgniter->handleRequest(null, Object(Config\Cache), false)
 5 FCPATH\index.php(67): CodeIgniter\CodeIgniter->run()
 6 SYSTEMPATH\Commands\Server\rewrite.php(47): require_once('FCPATH\\index.php')
WARNING - 2023-01-30 14:48:14 --> [DEPRECATED] Creation of dynamic property App\Controllers\Home::$model is deprecated in APPPATH\Controllers\Home.php on line 9.
 1 SYSTEMPATH\CodeIgniter.php(906): App\Controllers\Home->__construct()
 2 SYSTEMPATH\CodeIgniter.php(490): CodeIgniter\CodeIgniter->createController()
 3 SYSTEMPATH\CodeIgniter.php(368): CodeIgniter\CodeIgniter->handleRequest(null, Object(Config\Cache), false)
 4 FCPATH\index.php(67): CodeIgniter\CodeIgniter->run()
 5 SYSTEMPATH\Commands\Server\rewrite.php(47): require_once('FCPATH\\index.php')
WARNING - 2023-01-30 14:48:14 --> [DEPRECATED] Creation of dynamic property App\Models\CrudModel::$condb is deprecated in APPPATH\Models\CrudModel.php on line 51.
 1 APPPATH\Models\CSRF.php(16): App\Models\CrudModel->get_by_query_array('SELECT * FROM user_list')
 2 APPPATH\Controllers\Home.php(22): App\Models\CSRF->UserList()
 3 SYSTEMPATH\CodeIgniter.php(934): App\Controllers\Home->ListView()
 4 SYSTEMPATH\CodeIgniter.php(499): CodeIgniter\CodeIgniter->runController(Object(App\Controllers\Home))
 5 SYSTEMPATH\CodeIgniter.php(368): CodeIgniter\CodeIgniter->handleRequest(null, Object(Config\Cache), false)
 6 FCPATH\index.php(67): CodeIgniter\CodeIgniter->run()
 7 SYSTEMPATH\Commands\Server\rewrite.php(47): require_once('FCPATH\\index.php')
WARNING - 2023-01-30 14:48:35 --> [DEPRECATED] Creation of dynamic property App\Models\CSRF::$crud is deprecated in APPPATH\Models\CSRF.php on line 8.
 1 APPPATH\Controllers\Home.php(9): App\Models\CSRF->__construct()
 2 SYSTEMPATH\CodeIgniter.php(906): App\Controllers\Home->__construct()
 3 SYSTEMPATH\CodeIgniter.php(490): CodeIgniter\CodeIgniter->createController()
 4 SYSTEMPATH\CodeIgniter.php(368): CodeIgniter\CodeIgniter->handleRequest(null, Object(Config\Cache), false)
 5 FCPATH\index.php(67): CodeIgniter\CodeIgniter->run()
 6 SYSTEMPATH\Commands\Server\rewrite.php(47): require_once('FCPATH\\index.php')
WARNING - 2023-01-30 14:48:35 --> [DEPRECATED] Creation of dynamic property App\Controllers\Home::$model is deprecated in APPPATH\Controllers\Home.php on line 9.
 1 SYSTEMPATH\CodeIgniter.php(906): App\Controllers\Home->__construct()
 2 SYSTEMPATH\CodeIgniter.php(490): CodeIgniter\CodeIgniter->createController()
 3 SYSTEMPATH\CodeIgniter.php(368): CodeIgniter\CodeIgniter->handleRequest(null, Object(Config\Cache), false)
 4 FCPATH\index.php(67): CodeIgniter\CodeIgniter->run()
 5 SYSTEMPATH\Commands\Server\rewrite.php(47): require_once('FCPATH\\index.php')
WARNING - 2023-01-30 14:48:35 --> [DEPRECATED] Creation of dynamic property App\Models\CrudModel::$condb is deprecated in APPPATH\Models\CrudModel.php on line 51.
 1 APPPATH\Models\CSRF.php(16): App\Models\CrudModel->get_by_query_array('SELECT * FROM user_list')
 2 APPPATH\Controllers\Home.php(22): App\Models\CSRF->UserList()
 3 SYSTEMPATH\CodeIgniter.php(934): App\Controllers\Home->ListView()
 4 SYSTEMPATH\CodeIgniter.php(499): CodeIgniter\CodeIgniter->runController(Object(App\Controllers\Home))
 5 SYSTEMPATH\CodeIgniter.php(368): CodeIgniter\CodeIgniter->handleRequest(null, Object(Config\Cache), false)
 6 FCPATH\index.php(67): CodeIgniter\CodeIgniter->run()
 7 SYSTEMPATH\Commands\Server\rewrite.php(47): require_once('FCPATH\\index.php')
WARNING - 2023-01-30 14:49:35 --> [DEPRECATED] Creation of dynamic property App\Models\CSRF::$crud is deprecated in APPPATH\Models\CSRF.php on line 8.
 1 APPPATH\Controllers\Home.php(9): App\Models\CSRF->__construct()
 2 SYSTEMPATH\CodeIgniter.php(906): App\Controllers\Home->__construct()
 3 SYSTEMPATH\CodeIgniter.php(490): CodeIgniter\CodeIgniter->createController()
 4 SYSTEMPATH\CodeIgniter.php(368): CodeIgniter\CodeIgniter->handleRequest(null, Object(Config\Cache), false)
 5 FCPATH\index.php(67): CodeIgniter\CodeIgniter->run()
 6 SYSTEMPATH\Commands\Server\rewrite.php(47): require_once('FCPATH\\index.php')
WARNING - 2023-01-30 14:49:35 --> [DEPRECATED] Creation of dynamic property App\Controllers\Home::$model is deprecated in APPPATH\Controllers\Home.php on line 9.
 1 SYSTEMPATH\CodeIgniter.php(906): App\Controllers\Home->__construct()
 2 SYSTEMPATH\CodeIgniter.php(490): CodeIgniter\CodeIgniter->createController()
 3 SYSTEMPATH\CodeIgniter.php(368): CodeIgniter\CodeIgniter->handleRequest(null, Object(Config\Cache), false)
 4 FCPATH\index.php(67): CodeIgniter\CodeIgniter->run()
 5 SYSTEMPATH\Commands\Server\rewrite.php(47): require_once('FCPATH\\index.php')
WARNING - 2023-01-30 14:49:35 --> [DEPRECATED] Creation of dynamic property App\Models\CrudModel::$condb is deprecated in APPPATH\Models\CrudModel.php on line 51.
 1 APPPATH\Models\CSRF.php(16): App\Models\CrudModel->get_by_query_array('SELECT * FROM user_list')
 2 APPPATH\Controllers\Home.php(22): App\Models\CSRF->UserList()
 3 SYSTEMPATH\CodeIgniter.php(934): App\Controllers\Home->ListView()
 4 SYSTEMPATH\CodeIgniter.php(499): CodeIgniter\CodeIgniter->runController(Object(App\Controllers\Home))
 5 SYSTEMPATH\CodeIgniter.php(368): CodeIgniter\CodeIgniter->handleRequest(null, Object(Config\Cache), false)
 6 FCPATH\index.php(67): CodeIgniter\CodeIgniter->run()
 7 SYSTEMPATH\Commands\Server\rewrite.php(47): require_once('FCPATH\\index.php')
